        -:    0:Source:PilhaVetor.cpp
        -:    0:Graph:../bin/obj/PilhaVetor.gcno
        -:    0:Data:../bin/obj/PilhaVetor.gcda
        -:    0:Runs:6
        -:    0:Programs:6
        -:    1:#include "../include/PilhaVetor.hpp"
        -:    2:#include <stdlib.h> // malloc()
        -:    3:#include <new>      // bad_alloc()
        -:    4:#include <string.h> // memcpy()
        -:    5:
       21:    6:_PilhaVetor::_base::_base(int elementSize, int capacity) {
       21:    7:    _elementSize = elementSize;
       21:    8:    setCapacity(capacity);
       21:    9:}
        -:   10:
       42:   11:_PilhaVetor::_base::~_base() {
       21:   12:    free(_data);
        -:   13:    _data == nullptr;
       21:   14:}
        -:   15:
      201:   16:bool _PilhaVetor::_base::push(void* data) {
      201:   17:    if (_elementCount +1 > _capacity)
       12:   18:        return false;
      195:   19:    _elementCount++;
      195:   20:    memcpy(top(), data, _elementSize);
      195:   21:}
        -:   22:
      198:   23:void* _PilhaVetor::_base::pop() {
      198:   24:    void* ptr = top();
      198:   25:    if (ptr != nullptr)
      195:   26:        _elementCount--;
      198:   27:    return ptr;
        -:   28:}
        -:   29:
      417:   30:void* _PilhaVetor::_base::top() {
      417:   31:    if (_elementCount < 1)
        9:   32:        return nullptr;
      408:   33:    return (void*)(_data + (_elementCount-1) * _elementSize);
        -:   34:}
        -:   35:
       51:   36:int _PilhaVetor::_base::elementCount() {
       51:   37:    return _elementCount;
        -:   38:}
        -:   39:
       51:   40:int _PilhaVetor::_base::getCapacity() {
       51:   41:    if (_data != nullptr)
       51:   42:        return _capacity;
    #####:   43:    else return 0;
        -:   44:}
        -:   45:
       30:   46:bool _PilhaVetor::_base::setCapacity(int capacity) {
        -:   47:    // Capacidade de vetor não pode ser nula
       30:   48:    if (capacity < 0)
    #####:   49:        return false;
        -:   50:
        -:   51:    // Capacidade tem que suportar todos os elementos atuais
       30:   52:    if (capacity < _elementCount)
        3:   53:        return false;
        -:   54:
       27:   55:    if (_data != nullptr && _capacity_allocated < capacity) {
        9:   56:        _capacity = capacity;
        9:   57:        return true;
        -:   58:    }
        -:   59:
       18:   60:    void* newdata = malloc(_elementSize * capacity);
        -:   61:
       18:   62:    if (newdata == nullptr) 
    #####:   63:        throw std::bad_alloc();
        -:   64:
       18:   65:    if (_data != nullptr) {
       15:   66:        if (_elementCount > 0)
    #####:   67:            memcpy(newdata, _data, _elementSize * _elementCount);
       15:   68:        free(_data);
        -:   69:    }
        -:   70:
       18:   71:    _data = newdata;
       18:   72:    _capacity = capacity;
       18:   73:    _capacity_allocated = capacity;
        -:   74:
       18:   75:    return true;
        -:   76:}
